[2024-12-30T07:39:53.331+0000] {taskinstance.py:1165} INFO - Dependencies all met for <TaskInstance: parallel_dag.extract_a manual__2024-12-30T07:39:52.680605+00:00 [queued]>
[2024-12-30T07:39:53.338+0000] {taskinstance.py:1165} INFO - Dependencies all met for <TaskInstance: parallel_dag.extract_a manual__2024-12-30T07:39:52.680605+00:00 [queued]>
[2024-12-30T07:39:53.338+0000] {taskinstance.py:1362} INFO - 
--------------------------------------------------------------------------------
[2024-12-30T07:39:53.338+0000] {taskinstance.py:1363} INFO - Starting attempt 1 of 1
[2024-12-30T07:39:53.338+0000] {taskinstance.py:1364} INFO - 
--------------------------------------------------------------------------------
[2024-12-30T07:39:53.344+0000] {taskinstance.py:1383} INFO - Executing <Task(BashOperator): extract_a> on 2024-12-30 07:39:52.680605+00:00
[2024-12-30T07:39:53.347+0000] {standard_task_runner.py:55} INFO - Started process 158 to run task
[2024-12-30T07:39:53.349+0000] {standard_task_runner.py:82} INFO - Running: ['***', 'tasks', 'run', 'parallel_dag', 'extract_a', 'manual__2024-12-30T07:39:52.680605+00:00', '--job-id', '30', '--raw', '--subdir', 'DAGS_FOLDER/parallel_dag.py', '--cfg-path', '/tmp/tmpj_twmbim']
[2024-12-30T07:39:53.349+0000] {standard_task_runner.py:83} INFO - Job 30: Subtask extract_a
[2024-12-30T07:39:53.379+0000] {task_command.py:376} INFO - Running <TaskInstance: parallel_dag.extract_a manual__2024-12-30T07:39:52.680605+00:00 [running]> on host 47c1d2ca3302
[2024-12-30T07:39:53.415+0000] {taskinstance.py:1592} INFO - Exporting the following env vars:
AIRFLOW_CTX_DAG_OWNER=***
AIRFLOW_CTX_DAG_ID=parallel_dag
AIRFLOW_CTX_TASK_ID=extract_a
AIRFLOW_CTX_EXECUTION_DATE=2024-12-30T07:39:52.680605+00:00
AIRFLOW_CTX_TRY_NUMBER=1
AIRFLOW_CTX_DAG_RUN_ID=manual__2024-12-30T07:39:52.680605+00:00
[2024-12-30T07:39:53.416+0000] {subprocess.py:63} INFO - Tmp dir root location: 
 /tmp
[2024-12-30T07:39:53.417+0000] {subprocess.py:75} INFO - Running command: ['/bin/bash', '-c', 'sleep 10']
[2024-12-30T07:39:53.422+0000] {subprocess.py:86} INFO - Output:
[2024-12-30T07:40:03.427+0000] {subprocess.py:97} INFO - Command exited with return code 0
[2024-12-30T07:40:03.446+0000] {taskinstance.py:1406} INFO - Marking task as SUCCESS. dag_id=parallel_dag, task_id=extract_a, execution_date=20241230T073952, start_date=20241230T073953, end_date=20241230T074003
[2024-12-30T07:40:03.465+0000] {local_task_job.py:164} INFO - Task exited with return code 0
[2024-12-30T07:40:03.482+0000] {local_task_job.py:273} INFO - 1 downstream tasks scheduled from follow-on schedule check
