[2024-12-27T01:51:34.158+0000] {taskinstance.py:1165} INFO - Dependencies all met for <TaskInstance: user_processing.extract_user manual__2024-12-27T01:51:26.349470+00:00 [queued]>
[2024-12-27T01:51:34.163+0000] {taskinstance.py:1165} INFO - Dependencies all met for <TaskInstance: user_processing.extract_user manual__2024-12-27T01:51:26.349470+00:00 [queued]>
[2024-12-27T01:51:34.163+0000] {taskinstance.py:1362} INFO - 
--------------------------------------------------------------------------------
[2024-12-27T01:51:34.163+0000] {taskinstance.py:1363} INFO - Starting attempt 1 of 1
[2024-12-27T01:51:34.163+0000] {taskinstance.py:1364} INFO - 
--------------------------------------------------------------------------------
[2024-12-27T01:51:34.168+0000] {taskinstance.py:1383} INFO - Executing <Task(SimpleHttpOperator): extract_user> on 2024-12-27 01:51:26.349470+00:00
[2024-12-27T01:51:34.171+0000] {standard_task_runner.py:55} INFO - Started process 7649 to run task
[2024-12-27T01:51:34.173+0000] {standard_task_runner.py:82} INFO - Running: ['***', 'tasks', 'run', 'user_processing', 'extract_user', 'manual__2024-12-27T01:51:26.349470+00:00', '--job-id', '20', '--raw', '--subdir', 'DAGS_FOLDER/user_processing.py', '--cfg-path', '/tmp/tmpuw6jpoqa']
[2024-12-27T01:51:34.174+0000] {standard_task_runner.py:83} INFO - Job 20: Subtask extract_user
[2024-12-27T01:51:34.200+0000] {task_command.py:376} INFO - Running <TaskInstance: user_processing.extract_user manual__2024-12-27T01:51:26.349470+00:00 [running]> on host f750dc751645
[2024-12-27T01:51:34.227+0000] {taskinstance.py:1592} INFO - Exporting the following env vars:
AIRFLOW_CTX_DAG_OWNER=***
AIRFLOW_CTX_DAG_ID=user_processing
AIRFLOW_CTX_TASK_ID=extract_user
AIRFLOW_CTX_EXECUTION_DATE=2024-12-27T01:51:26.349470+00:00
AIRFLOW_CTX_TRY_NUMBER=1
AIRFLOW_CTX_DAG_RUN_ID=manual__2024-12-27T01:51:26.349470+00:00
[2024-12-27T01:51:34.227+0000] {http.py:121} INFO - Calling HTTP method
[2024-12-27T01:51:34.231+0000] {base.py:71} INFO - Using connection ID 'user_api' for task execution.
[2024-12-27T01:51:34.231+0000] {http.py:148} INFO - Sending 'GET' to url: https://randomuser.me/api/
[2024-12-27T01:51:35.997+0000] {http.py:125} INFO - {"results":[{"gender":"female","name":{"title":"Mrs","first":"Molly","last":"Johnson"},"location":{"street":{"number":1420,"name":"Blenheim Road"},"city":"Hamilton","state":"Southland","country":"New Zealand","postcode":52895,"coordinates":{"latitude":"47.6710","longitude":"78.7778"},"timezone":{"offset":"+9:00","description":"Tokyo, Seoul, Osaka, Sapporo, Yakutsk"}},"email":"molly.johnson@example.com","login":{"uuid":"b58e214a-723c-490d-95b4-cf8030188c6a","username":"crazyrabbit957","password":"pppppp","salt":"jlWId1fw","md5":"f2867ab1abedb370ca368cd8f9654fad","sha1":"f1477e8178874109fd1ece2c7113a9179f103083","sha256":"c4941148536a46b022413e6b8baf0e3885daa52bb3ec70eed0bd05d267f11b79"},"dob":{"date":"1974-05-24T09:41:13.767Z","age":50},"registered":{"date":"2002-05-07T16:14:08.299Z","age":22},"phone":"(015)-574-6954","cell":"(963)-209-5222","id":{"name":"","value":null},"picture":{"large":"https://randomuser.me/api/portraits/women/24.jpg","medium":"https://randomuser.me/api/portraits/med/women/24.jpg","thumbnail":"https://randomuser.me/api/portraits/thumb/women/24.jpg"},"nat":"NZ"}],"info":{"seed":"c91e8f00ebb0b449","results":1,"page":1,"version":"1.4"}}
[2024-12-27T01:51:36.018+0000] {taskinstance.py:1406} INFO - Marking task as SUCCESS. dag_id=user_processing, task_id=extract_user, execution_date=20241227T015126, start_date=20241227T015134, end_date=20241227T015136
[2024-12-27T01:51:36.064+0000] {local_task_job.py:164} INFO - Task exited with return code 0
[2024-12-27T01:51:36.087+0000] {local_task_job.py:273} INFO - 1 downstream tasks scheduled from follow-on schedule check
