[2024-12-30T09:10:54.576+0000] {taskinstance.py:1165} INFO - Dependencies all met for <TaskInstance: xcom_dag.branch manual__2024-12-30T09:10:52.297339+00:00 [queued]>
[2024-12-30T09:10:54.580+0000] {taskinstance.py:1165} INFO - Dependencies all met for <TaskInstance: xcom_dag.branch manual__2024-12-30T09:10:52.297339+00:00 [queued]>
[2024-12-30T09:10:54.580+0000] {taskinstance.py:1362} INFO - 
--------------------------------------------------------------------------------
[2024-12-30T09:10:54.580+0000] {taskinstance.py:1363} INFO - Starting attempt 1 of 1
[2024-12-30T09:10:54.580+0000] {taskinstance.py:1364} INFO - 
--------------------------------------------------------------------------------
[2024-12-30T09:10:54.586+0000] {taskinstance.py:1383} INFO - Executing <Task(BranchPythonOperator): branch> on 2024-12-30 09:10:52.297339+00:00
[2024-12-30T09:10:54.589+0000] {standard_task_runner.py:55} INFO - Started process 1921 to run task
[2024-12-30T09:10:54.591+0000] {standard_task_runner.py:82} INFO - Running: ['***', 'tasks', 'run', 'xcom_dag', 'branch', 'manual__2024-12-30T09:10:52.297339+00:00', '--job-id', '54', '--raw', '--subdir', 'DAGS_FOLDER/xcom_dag.py', '--cfg-path', '/tmp/tmp0ujp0a_l']
[2024-12-30T09:10:54.591+0000] {standard_task_runner.py:83} INFO - Job 54: Subtask branch
[2024-12-30T09:10:54.617+0000] {task_command.py:376} INFO - Running <TaskInstance: xcom_dag.branch manual__2024-12-30T09:10:52.297339+00:00 [running]> on host 183ed7d37d5f
[2024-12-30T09:10:54.644+0000] {taskinstance.py:1592} INFO - Exporting the following env vars:
AIRFLOW_CTX_DAG_OWNER=***
AIRFLOW_CTX_DAG_ID=xcom_dag
AIRFLOW_CTX_TASK_ID=branch
AIRFLOW_CTX_EXECUTION_DATE=2024-12-30T09:10:52.297339+00:00
AIRFLOW_CTX_TRY_NUMBER=1
AIRFLOW_CTX_DAG_RUN_ID=manual__2024-12-30T09:10:52.297339+00:00
[2024-12-30T09:10:54.649+0000] {python.py:177} INFO - Done. Returned value was: t2
[2024-12-30T09:10:54.649+0000] {skipmixin.py:155} INFO - Following branch t2
[2024-12-30T09:10:54.649+0000] {skipmixin.py:190} INFO - Skipping tasks ['t3']
[2024-12-30T09:10:54.664+0000] {taskinstance.py:1406} INFO - Marking task as SUCCESS. dag_id=xcom_dag, task_id=branch, execution_date=20241230T091052, start_date=20241230T091054, end_date=20241230T091054
[2024-12-30T09:10:54.689+0000] {local_task_job.py:164} INFO - Task exited with return code 0
[2024-12-30T09:10:54.705+0000] {local_task_job.py:273} INFO - 1 downstream tasks scheduled from follow-on schedule check
