[2024-12-30T08:51:01.431+0000] {taskinstance.py:1165} INFO - Dependencies all met for <TaskInstance: xcom_dag.t3 manual__2024-12-30T08:50:59.332993+00:00 [queued]>
[2024-12-30T08:51:01.435+0000] {taskinstance.py:1165} INFO - Dependencies all met for <TaskInstance: xcom_dag.t3 manual__2024-12-30T08:50:59.332993+00:00 [queued]>
[2024-12-30T08:51:01.435+0000] {taskinstance.py:1362} INFO - 
--------------------------------------------------------------------------------
[2024-12-30T08:51:01.435+0000] {taskinstance.py:1363} INFO - Starting attempt 1 of 1
[2024-12-30T08:51:01.435+0000] {taskinstance.py:1364} INFO - 
--------------------------------------------------------------------------------
[2024-12-30T08:51:01.441+0000] {taskinstance.py:1383} INFO - Executing <Task(BashOperator): t3> on 2024-12-30 08:50:59.332993+00:00
[2024-12-30T08:51:01.444+0000] {standard_task_runner.py:55} INFO - Started process 919 to run task
[2024-12-30T08:51:01.446+0000] {standard_task_runner.py:82} INFO - Running: ['***', 'tasks', 'run', 'xcom_dag', 't3', 'manual__2024-12-30T08:50:59.332993+00:00', '--job-id', '46', '--raw', '--subdir', 'DAGS_FOLDER/xcom_dag.py', '--cfg-path', '/tmp/tmp21w7m7ji']
[2024-12-30T08:51:01.446+0000] {standard_task_runner.py:83} INFO - Job 46: Subtask t3
[2024-12-30T08:51:01.472+0000] {task_command.py:376} INFO - Running <TaskInstance: xcom_dag.t3 manual__2024-12-30T08:50:59.332993+00:00 [running]> on host 183ed7d37d5f
[2024-12-30T08:51:01.500+0000] {taskinstance.py:1592} INFO - Exporting the following env vars:
AIRFLOW_CTX_DAG_OWNER=***
AIRFLOW_CTX_DAG_ID=xcom_dag
AIRFLOW_CTX_TASK_ID=t3
AIRFLOW_CTX_EXECUTION_DATE=2024-12-30T08:50:59.332993+00:00
AIRFLOW_CTX_TRY_NUMBER=1
AIRFLOW_CTX_DAG_RUN_ID=manual__2024-12-30T08:50:59.332993+00:00
[2024-12-30T08:51:01.500+0000] {subprocess.py:63} INFO - Tmp dir root location: 
 /tmp
[2024-12-30T08:51:01.501+0000] {subprocess.py:75} INFO - Running command: ['/bin/bash', '-c', "echo ''"]
[2024-12-30T08:51:01.507+0000] {subprocess.py:86} INFO - Output:
[2024-12-30T08:51:01.509+0000] {subprocess.py:93} INFO - 
[2024-12-30T08:51:01.509+0000] {subprocess.py:97} INFO - Command exited with return code 0
[2024-12-30T08:51:01.520+0000] {taskinstance.py:1406} INFO - Marking task as SUCCESS. dag_id=xcom_dag, task_id=t3, execution_date=20241230T085059, start_date=20241230T085101, end_date=20241230T085101
[2024-12-30T08:51:01.548+0000] {local_task_job.py:164} INFO - Task exited with return code 0
[2024-12-30T08:51:01.558+0000] {local_task_job.py:273} INFO - 0 downstream tasks scheduled from follow-on schedule check
