[2024-12-30T07:40:04.216+0000] {taskinstance.py:1165} INFO - Dependencies all met for <TaskInstance: parallel_dag.load_a manual__2024-12-30T07:39:52.680605+00:00 [queued]>
[2024-12-30T07:40:04.223+0000] {taskinstance.py:1165} INFO - Dependencies all met for <TaskInstance: parallel_dag.load_a manual__2024-12-30T07:39:52.680605+00:00 [queued]>
[2024-12-30T07:40:04.223+0000] {taskinstance.py:1362} INFO - 
--------------------------------------------------------------------------------
[2024-12-30T07:40:04.224+0000] {taskinstance.py:1363} INFO - Starting attempt 1 of 1
[2024-12-30T07:40:04.224+0000] {taskinstance.py:1364} INFO - 
--------------------------------------------------------------------------------
[2024-12-30T07:40:04.231+0000] {taskinstance.py:1383} INFO - Executing <Task(BashOperator): load_a> on 2024-12-30 07:39:52.680605+00:00
[2024-12-30T07:40:04.233+0000] {standard_task_runner.py:55} INFO - Started process 174 to run task
[2024-12-30T07:40:04.235+0000] {standard_task_runner.py:82} INFO - Running: ['***', 'tasks', 'run', 'parallel_dag', 'load_a', 'manual__2024-12-30T07:39:52.680605+00:00', '--job-id', '32', '--raw', '--subdir', 'DAGS_FOLDER/parallel_dag.py', '--cfg-path', '/tmp/tmpgvtuxo18']
[2024-12-30T07:40:04.235+0000] {standard_task_runner.py:83} INFO - Job 32: Subtask load_a
[2024-12-30T07:40:04.264+0000] {task_command.py:376} INFO - Running <TaskInstance: parallel_dag.load_a manual__2024-12-30T07:39:52.680605+00:00 [running]> on host 47c1d2ca3302
[2024-12-30T07:40:04.293+0000] {taskinstance.py:1592} INFO - Exporting the following env vars:
AIRFLOW_CTX_DAG_OWNER=***
AIRFLOW_CTX_DAG_ID=parallel_dag
AIRFLOW_CTX_TASK_ID=load_a
AIRFLOW_CTX_EXECUTION_DATE=2024-12-30T07:39:52.680605+00:00
AIRFLOW_CTX_TRY_NUMBER=1
AIRFLOW_CTX_DAG_RUN_ID=manual__2024-12-30T07:39:52.680605+00:00
[2024-12-30T07:40:04.294+0000] {subprocess.py:63} INFO - Tmp dir root location: 
 /tmp
[2024-12-30T07:40:04.294+0000] {subprocess.py:75} INFO - Running command: ['/bin/bash', '-c', 'sleep 10']
[2024-12-30T07:40:04.301+0000] {subprocess.py:86} INFO - Output:
[2024-12-30T07:40:14.308+0000] {subprocess.py:97} INFO - Command exited with return code 0
[2024-12-30T07:40:14.330+0000] {taskinstance.py:1406} INFO - Marking task as SUCCESS. dag_id=parallel_dag, task_id=load_a, execution_date=20241230T073952, start_date=20241230T074004, end_date=20241230T074014
[2024-12-30T07:40:14.352+0000] {local_task_job.py:164} INFO - Task exited with return code 0
[2024-12-30T07:40:14.380+0000] {local_task_job.py:273} INFO - 1 downstream tasks scheduled from follow-on schedule check
