[2024-12-30T06:17:07.699+0000] {taskinstance.py:1165} INFO - Dependencies all met for <TaskInstance: producer.update_dataset manual__2024-12-30T06:17:07.049852+00:00 [queued]>
[2024-12-30T06:17:07.704+0000] {taskinstance.py:1165} INFO - Dependencies all met for <TaskInstance: producer.update_dataset manual__2024-12-30T06:17:07.049852+00:00 [queued]>
[2024-12-30T06:17:07.704+0000] {taskinstance.py:1362} INFO - 
--------------------------------------------------------------------------------
[2024-12-30T06:17:07.704+0000] {taskinstance.py:1363} INFO - Starting attempt 1 of 1
[2024-12-30T06:17:07.704+0000] {taskinstance.py:1364} INFO - 
--------------------------------------------------------------------------------
[2024-12-30T06:17:07.709+0000] {taskinstance.py:1383} INFO - Executing <Task(_PythonDecoratedOperator): update_dataset> on 2024-12-30 06:17:07.049852+00:00
[2024-12-30T06:17:07.712+0000] {standard_task_runner.py:55} INFO - Started process 4039 to run task
[2024-12-30T06:17:07.714+0000] {standard_task_runner.py:82} INFO - Running: ['***', 'tasks', 'run', 'producer', 'update_dataset', 'manual__2024-12-30T06:17:07.049852+00:00', '--job-id', '12', '--raw', '--subdir', 'DAGS_FOLDER/producer.py', '--cfg-path', '/tmp/tmpe0eifgzz']
[2024-12-30T06:17:07.714+0000] {standard_task_runner.py:83} INFO - Job 12: Subtask update_dataset
[2024-12-30T06:17:07.741+0000] {task_command.py:376} INFO - Running <TaskInstance: producer.update_dataset manual__2024-12-30T06:17:07.049852+00:00 [running]> on host 8de73b8ac67f
[2024-12-30T06:17:07.778+0000] {taskinstance.py:1592} INFO - Exporting the following env vars:
AIRFLOW_CTX_DAG_OWNER=***
AIRFLOW_CTX_DAG_ID=producer
AIRFLOW_CTX_TASK_ID=update_dataset
AIRFLOW_CTX_EXECUTION_DATE=2024-12-30T06:17:07.049852+00:00
AIRFLOW_CTX_TRY_NUMBER=1
AIRFLOW_CTX_DAG_RUN_ID=manual__2024-12-30T06:17:07.049852+00:00
[2024-12-30T06:17:07.779+0000] {python.py:177} INFO - Done. Returned value was: None
[2024-12-30T06:17:07.783+0000] {warnings.py:110} WARNING - /home/***/.local/lib/python3.7/site-packages/***/models/baseoperator.py:1390: RemovedInAirflow3Warning: Passing 'execution_date' to 'TaskInstance.xcom_push()' is deprecated.
  context['ti'].xcom_push(key=key, value=value, execution_date=execution_date)

[2024-12-30T06:17:07.794+0000] {taskinstance.py:1406} INFO - Marking task as SUCCESS. dag_id=producer, task_id=update_dataset, execution_date=20241230T061707, start_date=20241230T061707, end_date=20241230T061707
[2024-12-30T06:17:07.812+0000] {local_task_job.py:164} INFO - Task exited with return code 0
[2024-12-30T06:17:07.822+0000] {local_task_job.py:273} INFO - 0 downstream tasks scheduled from follow-on schedule check
