[2024-12-30T09:02:12.713+0000] {taskinstance.py:1165} INFO - Dependencies all met for <TaskInstance: xcom_dag.t2 manual__2024-12-30T09:02:09.921094+00:00 [queued]>
[2024-12-30T09:02:12.717+0000] {taskinstance.py:1165} INFO - Dependencies all met for <TaskInstance: xcom_dag.t2 manual__2024-12-30T09:02:09.921094+00:00 [queued]>
[2024-12-30T09:02:12.717+0000] {taskinstance.py:1362} INFO - 
--------------------------------------------------------------------------------
[2024-12-30T09:02:12.718+0000] {taskinstance.py:1363} INFO - Starting attempt 1 of 1
[2024-12-30T09:02:12.718+0000] {taskinstance.py:1364} INFO - 
--------------------------------------------------------------------------------
[2024-12-30T09:02:12.723+0000] {taskinstance.py:1383} INFO - Executing <Task(PythonOperator): t2> on 2024-12-30 09:02:09.921094+00:00
[2024-12-30T09:02:12.726+0000] {standard_task_runner.py:55} INFO - Started process 1488 to run task
[2024-12-30T09:02:12.728+0000] {standard_task_runner.py:82} INFO - Running: ['***', 'tasks', 'run', 'xcom_dag', 't2', 'manual__2024-12-30T09:02:09.921094+00:00', '--job-id', '52', '--raw', '--subdir', 'DAGS_FOLDER/xcom_dag.py', '--cfg-path', '/tmp/tmp65eott6n']
[2024-12-30T09:02:12.728+0000] {standard_task_runner.py:83} INFO - Job 52: Subtask t2
[2024-12-30T09:02:12.755+0000] {task_command.py:376} INFO - Running <TaskInstance: xcom_dag.t2 manual__2024-12-30T09:02:09.921094+00:00 [running]> on host 183ed7d37d5f
[2024-12-30T09:02:12.784+0000] {taskinstance.py:1592} INFO - Exporting the following env vars:
AIRFLOW_CTX_DAG_OWNER=***
AIRFLOW_CTX_DAG_ID=xcom_dag
AIRFLOW_CTX_TASK_ID=t2
AIRFLOW_CTX_EXECUTION_DATE=2024-12-30T09:02:09.921094+00:00
AIRFLOW_CTX_TRY_NUMBER=1
AIRFLOW_CTX_DAG_RUN_ID=manual__2024-12-30T09:02:09.921094+00:00
[2024-12-30T09:02:12.788+0000] {logging_mixin.py:120} INFO - 42
[2024-12-30T09:02:12.788+0000] {python.py:177} INFO - Done. Returned value was: None
[2024-12-30T09:02:12.792+0000] {taskinstance.py:1406} INFO - Marking task as SUCCESS. dag_id=xcom_dag, task_id=t2, execution_date=20241230T090209, start_date=20241230T090212, end_date=20241230T090212
[2024-12-30T09:02:12.828+0000] {local_task_job.py:164} INFO - Task exited with return code 0
[2024-12-30T09:02:12.838+0000] {local_task_job.py:273} INFO - 0 downstream tasks scheduled from follow-on schedule check
