[2024-12-30T07:29:28.366+0000] {taskinstance.py:1165} INFO - Dependencies all met for <TaskInstance: parallel_dag.extract_b manual__2024-12-30T07:29:27.599882+00:00 [queued]>
[2024-12-30T07:29:28.374+0000] {taskinstance.py:1165} INFO - Dependencies all met for <TaskInstance: parallel_dag.extract_b manual__2024-12-30T07:29:27.599882+00:00 [queued]>
[2024-12-30T07:29:28.376+0000] {taskinstance.py:1362} INFO - 
--------------------------------------------------------------------------------
[2024-12-30T07:29:28.376+0000] {taskinstance.py:1363} INFO - Starting attempt 1 of 1
[2024-12-30T07:29:28.378+0000] {taskinstance.py:1364} INFO - 
--------------------------------------------------------------------------------
[2024-12-30T07:29:28.386+0000] {taskinstance.py:1383} INFO - Executing <Task(BashOperator): extract_b> on 2024-12-30 07:29:27.599882+00:00
[2024-12-30T07:29:28.391+0000] {standard_task_runner.py:55} INFO - Started process 120 to run task
[2024-12-30T07:29:28.394+0000] {standard_task_runner.py:82} INFO - Running: ['***', 'tasks', 'run', 'parallel_dag', 'extract_b', 'manual__2024-12-30T07:29:27.599882+00:00', '--job-id', '21', '--raw', '--subdir', 'DAGS_FOLDER/parallel_dag.py', '--cfg-path', '/tmp/tmp7l6j0i_g']
[2024-12-30T07:29:28.394+0000] {standard_task_runner.py:83} INFO - Job 21: Subtask extract_b
[2024-12-30T07:29:28.427+0000] {task_command.py:376} INFO - Running <TaskInstance: parallel_dag.extract_b manual__2024-12-30T07:29:27.599882+00:00 [running]> on host d6cb2d051860
[2024-12-30T07:29:28.468+0000] {taskinstance.py:1592} INFO - Exporting the following env vars:
AIRFLOW_CTX_DAG_OWNER=***
AIRFLOW_CTX_DAG_ID=parallel_dag
AIRFLOW_CTX_TASK_ID=extract_b
AIRFLOW_CTX_EXECUTION_DATE=2024-12-30T07:29:27.599882+00:00
AIRFLOW_CTX_TRY_NUMBER=1
AIRFLOW_CTX_DAG_RUN_ID=manual__2024-12-30T07:29:27.599882+00:00
[2024-12-30T07:29:28.469+0000] {subprocess.py:63} INFO - Tmp dir root location: 
 /tmp
[2024-12-30T07:29:28.469+0000] {subprocess.py:75} INFO - Running command: ['/bin/bash', '-c', 'sleep 10']
[2024-12-30T07:29:28.476+0000] {subprocess.py:86} INFO - Output:
[2024-12-30T07:29:38.480+0000] {subprocess.py:97} INFO - Command exited with return code 0
[2024-12-30T07:29:38.500+0000] {taskinstance.py:1406} INFO - Marking task as SUCCESS. dag_id=parallel_dag, task_id=extract_b, execution_date=20241230T072927, start_date=20241230T072928, end_date=20241230T072938
[2024-12-30T07:29:38.518+0000] {local_task_job.py:164} INFO - Task exited with return code 0
[2024-12-30T07:29:38.533+0000] {local_task_job.py:273} INFO - 1 downstream tasks scheduled from follow-on schedule check
