[2024-12-30T07:47:54.519+0000] {processor.py:154} INFO - Started process (PID=653) to work on /opt/airflow/dags/subdags/subdag_downloads.py
[2024-12-30T07:47:54.520+0000] {processor.py:756} INFO - Processing file /opt/airflow/dags/subdags/subdag_downloads.py for tasks to queue
[2024-12-30T07:47:54.521+0000] {logging_mixin.py:120} INFO - [2024-12-30T07:47:54.521+0000] {dagbag.py:537} INFO - Filling up the DagBag from /opt/airflow/dags/subdags/subdag_downloads.py
[2024-12-30T07:47:54.531+0000] {processor.py:768} WARNING - No viable dags retrieved from /opt/airflow/dags/subdags/subdag_downloads.py
[2024-12-30T07:47:54.544+0000] {processor.py:176} INFO - Processing /opt/airflow/dags/subdags/subdag_downloads.py took 0.028 seconds
[2024-12-30T07:48:25.039+0000] {processor.py:154} INFO - Started process (PID=687) to work on /opt/airflow/dags/subdags/subdag_downloads.py
[2024-12-30T07:48:25.041+0000] {processor.py:756} INFO - Processing file /opt/airflow/dags/subdags/subdag_downloads.py for tasks to queue
[2024-12-30T07:48:25.042+0000] {logging_mixin.py:120} INFO - [2024-12-30T07:48:25.042+0000] {dagbag.py:537} INFO - Filling up the DagBag from /opt/airflow/dags/subdags/subdag_downloads.py
[2024-12-30T07:48:25.054+0000] {processor.py:768} WARNING - No viable dags retrieved from /opt/airflow/dags/subdags/subdag_downloads.py
[2024-12-30T07:48:25.069+0000] {processor.py:176} INFO - Processing /opt/airflow/dags/subdags/subdag_downloads.py took 0.036 seconds
[2024-12-30T07:48:55.592+0000] {processor.py:154} INFO - Started process (PID=721) to work on /opt/airflow/dags/subdags/subdag_downloads.py
[2024-12-30T07:48:55.593+0000] {processor.py:756} INFO - Processing file /opt/airflow/dags/subdags/subdag_downloads.py for tasks to queue
[2024-12-30T07:48:55.593+0000] {logging_mixin.py:120} INFO - [2024-12-30T07:48:55.593+0000] {dagbag.py:537} INFO - Filling up the DagBag from /opt/airflow/dags/subdags/subdag_downloads.py
[2024-12-30T07:48:55.599+0000] {processor.py:768} WARNING - No viable dags retrieved from /opt/airflow/dags/subdags/subdag_downloads.py
[2024-12-30T07:48:55.611+0000] {processor.py:176} INFO - Processing /opt/airflow/dags/subdags/subdag_downloads.py took 0.022 seconds
[2024-12-30T07:49:25.988+0000] {processor.py:154} INFO - Started process (PID=756) to work on /opt/airflow/dags/subdags/subdag_downloads.py
[2024-12-30T07:49:25.990+0000] {processor.py:756} INFO - Processing file /opt/airflow/dags/subdags/subdag_downloads.py for tasks to queue
[2024-12-30T07:49:25.991+0000] {logging_mixin.py:120} INFO - [2024-12-30T07:49:25.990+0000] {dagbag.py:537} INFO - Filling up the DagBag from /opt/airflow/dags/subdags/subdag_downloads.py
[2024-12-30T07:49:26.001+0000] {processor.py:768} WARNING - No viable dags retrieved from /opt/airflow/dags/subdags/subdag_downloads.py
[2024-12-30T07:49:26.018+0000] {processor.py:176} INFO - Processing /opt/airflow/dags/subdags/subdag_downloads.py took 0.036 seconds
[2024-12-30T07:49:56.484+0000] {processor.py:154} INFO - Started process (PID=790) to work on /opt/airflow/dags/subdags/subdag_downloads.py
[2024-12-30T07:49:56.485+0000] {processor.py:756} INFO - Processing file /opt/airflow/dags/subdags/subdag_downloads.py for tasks to queue
[2024-12-30T07:49:56.486+0000] {logging_mixin.py:120} INFO - [2024-12-30T07:49:56.486+0000] {dagbag.py:537} INFO - Filling up the DagBag from /opt/airflow/dags/subdags/subdag_downloads.py
[2024-12-30T07:49:56.494+0000] {processor.py:768} WARNING - No viable dags retrieved from /opt/airflow/dags/subdags/subdag_downloads.py
[2024-12-30T07:49:56.508+0000] {processor.py:176} INFO - Processing /opt/airflow/dags/subdags/subdag_downloads.py took 0.028 seconds
[2024-12-30T07:50:26.915+0000] {processor.py:154} INFO - Started process (PID=825) to work on /opt/airflow/dags/subdags/subdag_downloads.py
[2024-12-30T07:50:26.916+0000] {processor.py:756} INFO - Processing file /opt/airflow/dags/subdags/subdag_downloads.py for tasks to queue
[2024-12-30T07:50:26.917+0000] {logging_mixin.py:120} INFO - [2024-12-30T07:50:26.917+0000] {dagbag.py:537} INFO - Filling up the DagBag from /opt/airflow/dags/subdags/subdag_downloads.py
[2024-12-30T07:50:26.921+0000] {processor.py:768} WARNING - No viable dags retrieved from /opt/airflow/dags/subdags/subdag_downloads.py
[2024-12-30T07:50:26.931+0000] {processor.py:176} INFO - Processing /opt/airflow/dags/subdags/subdag_downloads.py took 0.020 seconds
[2024-12-30T07:50:57.453+0000] {processor.py:154} INFO - Started process (PID=860) to work on /opt/airflow/dags/subdags/subdag_downloads.py
[2024-12-30T07:50:57.454+0000] {processor.py:756} INFO - Processing file /opt/airflow/dags/subdags/subdag_downloads.py for tasks to queue
[2024-12-30T07:50:57.455+0000] {logging_mixin.py:120} INFO - [2024-12-30T07:50:57.455+0000] {dagbag.py:537} INFO - Filling up the DagBag from /opt/airflow/dags/subdags/subdag_downloads.py
[2024-12-30T07:50:57.465+0000] {processor.py:768} WARNING - No viable dags retrieved from /opt/airflow/dags/subdags/subdag_downloads.py
[2024-12-30T07:50:57.475+0000] {processor.py:176} INFO - Processing /opt/airflow/dags/subdags/subdag_downloads.py took 0.024 seconds
[2024-12-30T07:51:27.564+0000] {processor.py:154} INFO - Started process (PID=885) to work on /opt/airflow/dags/subdags/subdag_downloads.py
[2024-12-30T07:51:27.565+0000] {processor.py:756} INFO - Processing file /opt/airflow/dags/subdags/subdag_downloads.py for tasks to queue
[2024-12-30T07:51:27.567+0000] {logging_mixin.py:120} INFO - [2024-12-30T07:51:27.567+0000] {dagbag.py:537} INFO - Filling up the DagBag from /opt/airflow/dags/subdags/subdag_downloads.py
[2024-12-30T07:51:27.576+0000] {processor.py:768} WARNING - No viable dags retrieved from /opt/airflow/dags/subdags/subdag_downloads.py
[2024-12-30T07:51:27.593+0000] {processor.py:176} INFO - Processing /opt/airflow/dags/subdags/subdag_downloads.py took 0.034 seconds
[2024-12-30T07:51:58.095+0000] {processor.py:154} INFO - Started process (PID=920) to work on /opt/airflow/dags/subdags/subdag_downloads.py
[2024-12-30T07:51:58.096+0000] {processor.py:756} INFO - Processing file /opt/airflow/dags/subdags/subdag_downloads.py for tasks to queue
[2024-12-30T07:51:58.097+0000] {logging_mixin.py:120} INFO - [2024-12-30T07:51:58.096+0000] {dagbag.py:537} INFO - Filling up the DagBag from /opt/airflow/dags/subdags/subdag_downloads.py
[2024-12-30T07:51:58.100+0000] {processor.py:768} WARNING - No viable dags retrieved from /opt/airflow/dags/subdags/subdag_downloads.py
[2024-12-30T07:51:58.110+0000] {processor.py:176} INFO - Processing /opt/airflow/dags/subdags/subdag_downloads.py took 0.018 seconds
[2024-12-30T07:52:28.503+0000] {processor.py:154} INFO - Started process (PID=954) to work on /opt/airflow/dags/subdags/subdag_downloads.py
[2024-12-30T07:52:28.505+0000] {processor.py:756} INFO - Processing file /opt/airflow/dags/subdags/subdag_downloads.py for tasks to queue
[2024-12-30T07:52:28.506+0000] {logging_mixin.py:120} INFO - [2024-12-30T07:52:28.506+0000] {dagbag.py:537} INFO - Filling up the DagBag from /opt/airflow/dags/subdags/subdag_downloads.py
[2024-12-30T07:52:28.514+0000] {processor.py:768} WARNING - No viable dags retrieved from /opt/airflow/dags/subdags/subdag_downloads.py
[2024-12-30T07:52:28.529+0000] {processor.py:176} INFO - Processing /opt/airflow/dags/subdags/subdag_downloads.py took 0.031 seconds
[2024-12-30T07:52:59.017+0000] {processor.py:154} INFO - Started process (PID=988) to work on /opt/airflow/dags/subdags/subdag_downloads.py
[2024-12-30T07:52:59.018+0000] {processor.py:756} INFO - Processing file /opt/airflow/dags/subdags/subdag_downloads.py for tasks to queue
[2024-12-30T07:52:59.019+0000] {logging_mixin.py:120} INFO - [2024-12-30T07:52:59.019+0000] {dagbag.py:537} INFO - Filling up the DagBag from /opt/airflow/dags/subdags/subdag_downloads.py
[2024-12-30T07:52:59.030+0000] {processor.py:768} WARNING - No viable dags retrieved from /opt/airflow/dags/subdags/subdag_downloads.py
[2024-12-30T07:52:59.045+0000] {processor.py:176} INFO - Processing /opt/airflow/dags/subdags/subdag_downloads.py took 0.033 seconds
[2024-12-30T07:53:29.538+0000] {processor.py:154} INFO - Started process (PID=1022) to work on /opt/airflow/dags/subdags/subdag_downloads.py
[2024-12-30T07:53:29.539+0000] {processor.py:756} INFO - Processing file /opt/airflow/dags/subdags/subdag_downloads.py for tasks to queue
[2024-12-30T07:53:29.540+0000] {logging_mixin.py:120} INFO - [2024-12-30T07:53:29.540+0000] {dagbag.py:537} INFO - Filling up the DagBag from /opt/airflow/dags/subdags/subdag_downloads.py
[2024-12-30T07:53:29.547+0000] {processor.py:768} WARNING - No viable dags retrieved from /opt/airflow/dags/subdags/subdag_downloads.py
[2024-12-30T07:53:29.576+0000] {processor.py:176} INFO - Processing /opt/airflow/dags/subdags/subdag_downloads.py took 0.041 seconds
[2024-12-30T07:54:00.038+0000] {processor.py:154} INFO - Started process (PID=1056) to work on /opt/airflow/dags/subdags/subdag_downloads.py
[2024-12-30T07:54:00.039+0000] {processor.py:756} INFO - Processing file /opt/airflow/dags/subdags/subdag_downloads.py for tasks to queue
[2024-12-30T07:54:00.040+0000] {logging_mixin.py:120} INFO - [2024-12-30T07:54:00.039+0000] {dagbag.py:537} INFO - Filling up the DagBag from /opt/airflow/dags/subdags/subdag_downloads.py
[2024-12-30T07:54:00.046+0000] {processor.py:768} WARNING - No viable dags retrieved from /opt/airflow/dags/subdags/subdag_downloads.py
[2024-12-30T07:54:00.058+0000] {processor.py:176} INFO - Processing /opt/airflow/dags/subdags/subdag_downloads.py took 0.024 seconds
[2024-12-30T07:54:30.616+0000] {processor.py:154} INFO - Started process (PID=1081) to work on /opt/airflow/dags/subdags/subdag_downloads.py
[2024-12-30T07:54:30.618+0000] {processor.py:756} INFO - Processing file /opt/airflow/dags/subdags/subdag_downloads.py for tasks to queue
[2024-12-30T07:54:30.619+0000] {logging_mixin.py:120} INFO - [2024-12-30T07:54:30.618+0000] {dagbag.py:537} INFO - Filling up the DagBag from /opt/airflow/dags/subdags/subdag_downloads.py
[2024-12-30T07:54:30.630+0000] {processor.py:768} WARNING - No viable dags retrieved from /opt/airflow/dags/subdags/subdag_downloads.py
[2024-12-30T07:54:30.662+0000] {processor.py:176} INFO - Processing /opt/airflow/dags/subdags/subdag_downloads.py took 0.052 seconds
[2024-12-30T07:55:01.176+0000] {processor.py:154} INFO - Started process (PID=1114) to work on /opt/airflow/dags/subdags/subdag_downloads.py
[2024-12-30T07:55:01.180+0000] {processor.py:756} INFO - Processing file /opt/airflow/dags/subdags/subdag_downloads.py for tasks to queue
[2024-12-30T07:55:01.184+0000] {logging_mixin.py:120} INFO - [2024-12-30T07:55:01.183+0000] {dagbag.py:537} INFO - Filling up the DagBag from /opt/airflow/dags/subdags/subdag_downloads.py
[2024-12-30T07:55:01.196+0000] {processor.py:768} WARNING - No viable dags retrieved from /opt/airflow/dags/subdags/subdag_downloads.py
[2024-12-30T07:55:01.206+0000] {processor.py:176} INFO - Processing /opt/airflow/dags/subdags/subdag_downloads.py took 0.035 seconds
[2024-12-30T07:55:31.707+0000] {processor.py:154} INFO - Started process (PID=1148) to work on /opt/airflow/dags/subdags/subdag_downloads.py
[2024-12-30T07:55:31.708+0000] {processor.py:756} INFO - Processing file /opt/airflow/dags/subdags/subdag_downloads.py for tasks to queue
[2024-12-30T07:55:31.709+0000] {logging_mixin.py:120} INFO - [2024-12-30T07:55:31.709+0000] {dagbag.py:537} INFO - Filling up the DagBag from /opt/airflow/dags/subdags/subdag_downloads.py
[2024-12-30T07:55:31.717+0000] {processor.py:768} WARNING - No viable dags retrieved from /opt/airflow/dags/subdags/subdag_downloads.py
[2024-12-30T07:55:31.731+0000] {processor.py:176} INFO - Processing /opt/airflow/dags/subdags/subdag_downloads.py took 0.028 seconds
[2024-12-30T07:56:02.234+0000] {processor.py:154} INFO - Started process (PID=1182) to work on /opt/airflow/dags/subdags/subdag_downloads.py
[2024-12-30T07:56:02.235+0000] {processor.py:756} INFO - Processing file /opt/airflow/dags/subdags/subdag_downloads.py for tasks to queue
[2024-12-30T07:56:02.236+0000] {logging_mixin.py:120} INFO - [2024-12-30T07:56:02.236+0000] {dagbag.py:537} INFO - Filling up the DagBag from /opt/airflow/dags/subdags/subdag_downloads.py
[2024-12-30T07:56:02.245+0000] {processor.py:768} WARNING - No viable dags retrieved from /opt/airflow/dags/subdags/subdag_downloads.py
[2024-12-30T07:56:02.261+0000] {processor.py:176} INFO - Processing /opt/airflow/dags/subdags/subdag_downloads.py took 0.034 seconds
[2024-12-30T07:56:32.849+0000] {processor.py:154} INFO - Started process (PID=1216) to work on /opt/airflow/dags/subdags/subdag_downloads.py
[2024-12-30T07:56:32.850+0000] {processor.py:756} INFO - Processing file /opt/airflow/dags/subdags/subdag_downloads.py for tasks to queue
[2024-12-30T07:56:32.851+0000] {logging_mixin.py:120} INFO - [2024-12-30T07:56:32.851+0000] {dagbag.py:537} INFO - Filling up the DagBag from /opt/airflow/dags/subdags/subdag_downloads.py
[2024-12-30T07:56:32.860+0000] {processor.py:768} WARNING - No viable dags retrieved from /opt/airflow/dags/subdags/subdag_downloads.py
[2024-12-30T07:56:32.877+0000] {processor.py:176} INFO - Processing /opt/airflow/dags/subdags/subdag_downloads.py took 0.032 seconds
[2024-12-30T07:57:03.275+0000] {processor.py:154} INFO - Started process (PID=1250) to work on /opt/airflow/dags/subdags/subdag_downloads.py
[2024-12-30T07:57:03.276+0000] {processor.py:756} INFO - Processing file /opt/airflow/dags/subdags/subdag_downloads.py for tasks to queue
[2024-12-30T07:57:03.276+0000] {logging_mixin.py:120} INFO - [2024-12-30T07:57:03.276+0000] {dagbag.py:537} INFO - Filling up the DagBag from /opt/airflow/dags/subdags/subdag_downloads.py
[2024-12-30T07:57:03.282+0000] {processor.py:768} WARNING - No viable dags retrieved from /opt/airflow/dags/subdags/subdag_downloads.py
[2024-12-30T07:57:03.294+0000] {processor.py:176} INFO - Processing /opt/airflow/dags/subdags/subdag_downloads.py took 0.023 seconds
[2024-12-30T07:57:33.761+0000] {processor.py:154} INFO - Started process (PID=1284) to work on /opt/airflow/dags/subdags/subdag_downloads.py
[2024-12-30T07:57:33.762+0000] {processor.py:756} INFO - Processing file /opt/airflow/dags/subdags/subdag_downloads.py for tasks to queue
[2024-12-30T07:57:33.763+0000] {logging_mixin.py:120} INFO - [2024-12-30T07:57:33.763+0000] {dagbag.py:537} INFO - Filling up the DagBag from /opt/airflow/dags/subdags/subdag_downloads.py
[2024-12-30T07:57:33.768+0000] {processor.py:768} WARNING - No viable dags retrieved from /opt/airflow/dags/subdags/subdag_downloads.py
[2024-12-30T07:57:33.783+0000] {processor.py:176} INFO - Processing /opt/airflow/dags/subdags/subdag_downloads.py took 0.025 seconds
[2024-12-30T07:58:04.259+0000] {processor.py:154} INFO - Started process (PID=1309) to work on /opt/airflow/dags/subdags/subdag_downloads.py
[2024-12-30T07:58:04.260+0000] {processor.py:756} INFO - Processing file /opt/airflow/dags/subdags/subdag_downloads.py for tasks to queue
[2024-12-30T07:58:04.260+0000] {logging_mixin.py:120} INFO - [2024-12-30T07:58:04.260+0000] {dagbag.py:537} INFO - Filling up the DagBag from /opt/airflow/dags/subdags/subdag_downloads.py
[2024-12-30T07:58:04.266+0000] {processor.py:768} WARNING - No viable dags retrieved from /opt/airflow/dags/subdags/subdag_downloads.py
[2024-12-30T07:58:04.277+0000] {processor.py:176} INFO - Processing /opt/airflow/dags/subdags/subdag_downloads.py took 0.022 seconds
[2024-12-30T07:58:30.768+0000] {processor.py:154} INFO - Started process (PID=1343) to work on /opt/airflow/dags/subdags/subdag_downloads.py
[2024-12-30T07:58:30.769+0000] {processor.py:756} INFO - Processing file /opt/airflow/dags/subdags/subdag_downloads.py for tasks to queue
[2024-12-30T07:58:30.770+0000] {logging_mixin.py:120} INFO - [2024-12-30T07:58:30.770+0000] {dagbag.py:537} INFO - Filling up the DagBag from /opt/airflow/dags/subdags/subdag_downloads.py
[2024-12-30T07:58:30.779+0000] {processor.py:768} WARNING - No viable dags retrieved from /opt/airflow/dags/subdags/subdag_downloads.py
[2024-12-30T07:58:30.793+0000] {processor.py:176} INFO - Processing /opt/airflow/dags/subdags/subdag_downloads.py took 0.029 seconds
[2024-12-30T07:59:01.279+0000] {processor.py:154} INFO - Started process (PID=1377) to work on /opt/airflow/dags/subdags/subdag_downloads.py
[2024-12-30T07:59:01.280+0000] {processor.py:756} INFO - Processing file /opt/airflow/dags/subdags/subdag_downloads.py for tasks to queue
[2024-12-30T07:59:01.281+0000] {logging_mixin.py:120} INFO - [2024-12-30T07:59:01.281+0000] {dagbag.py:537} INFO - Filling up the DagBag from /opt/airflow/dags/subdags/subdag_downloads.py
[2024-12-30T07:59:01.288+0000] {processor.py:768} WARNING - No viable dags retrieved from /opt/airflow/dags/subdags/subdag_downloads.py
[2024-12-30T07:59:01.300+0000] {processor.py:176} INFO - Processing /opt/airflow/dags/subdags/subdag_downloads.py took 0.024 seconds
[2024-12-30T07:59:31.778+0000] {processor.py:154} INFO - Started process (PID=1411) to work on /opt/airflow/dags/subdags/subdag_downloads.py
[2024-12-30T07:59:31.779+0000] {processor.py:756} INFO - Processing file /opt/airflow/dags/subdags/subdag_downloads.py for tasks to queue
[2024-12-30T07:59:31.779+0000] {logging_mixin.py:120} INFO - [2024-12-30T07:59:31.779+0000] {dagbag.py:537} INFO - Filling up the DagBag from /opt/airflow/dags/subdags/subdag_downloads.py
[2024-12-30T07:59:31.784+0000] {processor.py:768} WARNING - No viable dags retrieved from /opt/airflow/dags/subdags/subdag_downloads.py
[2024-12-30T07:59:31.794+0000] {processor.py:176} INFO - Processing /opt/airflow/dags/subdags/subdag_downloads.py took 0.019 seconds
[2024-12-30T08:00:02.288+0000] {processor.py:154} INFO - Started process (PID=1445) to work on /opt/airflow/dags/subdags/subdag_downloads.py
[2024-12-30T08:00:02.291+0000] {processor.py:756} INFO - Processing file /opt/airflow/dags/subdags/subdag_downloads.py for tasks to queue
[2024-12-30T08:00:02.291+0000] {logging_mixin.py:120} INFO - [2024-12-30T08:00:02.291+0000] {dagbag.py:537} INFO - Filling up the DagBag from /opt/airflow/dags/subdags/subdag_downloads.py
[2024-12-30T08:00:02.302+0000] {processor.py:768} WARNING - No viable dags retrieved from /opt/airflow/dags/subdags/subdag_downloads.py
[2024-12-30T08:00:02.315+0000] {processor.py:176} INFO - Processing /opt/airflow/dags/subdags/subdag_downloads.py took 0.031 seconds
[2024-12-30T08:00:32.899+0000] {processor.py:154} INFO - Started process (PID=1471) to work on /opt/airflow/dags/subdags/subdag_downloads.py
[2024-12-30T08:00:32.901+0000] {processor.py:756} INFO - Processing file /opt/airflow/dags/subdags/subdag_downloads.py for tasks to queue
[2024-12-30T08:00:32.902+0000] {logging_mixin.py:120} INFO - [2024-12-30T08:00:32.902+0000] {dagbag.py:537} INFO - Filling up the DagBag from /opt/airflow/dags/subdags/subdag_downloads.py
[2024-12-30T08:00:32.910+0000] {processor.py:768} WARNING - No viable dags retrieved from /opt/airflow/dags/subdags/subdag_downloads.py
[2024-12-30T08:00:32.928+0000] {processor.py:176} INFO - Processing /opt/airflow/dags/subdags/subdag_downloads.py took 0.032 seconds
[2024-12-30T08:01:03.353+0000] {processor.py:154} INFO - Started process (PID=1505) to work on /opt/airflow/dags/subdags/subdag_downloads.py
[2024-12-30T08:01:03.355+0000] {processor.py:756} INFO - Processing file /opt/airflow/dags/subdags/subdag_downloads.py for tasks to queue
[2024-12-30T08:01:03.355+0000] {logging_mixin.py:120} INFO - [2024-12-30T08:01:03.355+0000] {dagbag.py:537} INFO - Filling up the DagBag from /opt/airflow/dags/subdags/subdag_downloads.py
[2024-12-30T08:01:03.363+0000] {processor.py:768} WARNING - No viable dags retrieved from /opt/airflow/dags/subdags/subdag_downloads.py
[2024-12-30T08:01:03.375+0000] {processor.py:176} INFO - Processing /opt/airflow/dags/subdags/subdag_downloads.py took 0.027 seconds
[2024-12-30T08:01:33.876+0000] {processor.py:154} INFO - Started process (PID=1539) to work on /opt/airflow/dags/subdags/subdag_downloads.py
[2024-12-30T08:01:33.878+0000] {processor.py:756} INFO - Processing file /opt/airflow/dags/subdags/subdag_downloads.py for tasks to queue
[2024-12-30T08:01:33.878+0000] {logging_mixin.py:120} INFO - [2024-12-30T08:01:33.878+0000] {dagbag.py:537} INFO - Filling up the DagBag from /opt/airflow/dags/subdags/subdag_downloads.py
[2024-12-30T08:01:33.886+0000] {processor.py:768} WARNING - No viable dags retrieved from /opt/airflow/dags/subdags/subdag_downloads.py
[2024-12-30T08:01:33.900+0000] {processor.py:176} INFO - Processing /opt/airflow/dags/subdags/subdag_downloads.py took 0.029 seconds
[2024-12-30T08:02:04.374+0000] {processor.py:154} INFO - Started process (PID=1573) to work on /opt/airflow/dags/subdags/subdag_downloads.py
[2024-12-30T08:02:04.376+0000] {processor.py:756} INFO - Processing file /opt/airflow/dags/subdags/subdag_downloads.py for tasks to queue
[2024-12-30T08:02:04.377+0000] {logging_mixin.py:120} INFO - [2024-12-30T08:02:04.377+0000] {dagbag.py:537} INFO - Filling up the DagBag from /opt/airflow/dags/subdags/subdag_downloads.py
[2024-12-30T08:02:04.387+0000] {processor.py:768} WARNING - No viable dags retrieved from /opt/airflow/dags/subdags/subdag_downloads.py
[2024-12-30T08:02:04.407+0000] {processor.py:176} INFO - Processing /opt/airflow/dags/subdags/subdag_downloads.py took 0.039 seconds
[2024-12-30T08:02:34.781+0000] {processor.py:154} INFO - Started process (PID=1607) to work on /opt/airflow/dags/subdags/subdag_downloads.py
[2024-12-30T08:02:34.782+0000] {processor.py:756} INFO - Processing file /opt/airflow/dags/subdags/subdag_downloads.py for tasks to queue
[2024-12-30T08:02:34.783+0000] {logging_mixin.py:120} INFO - [2024-12-30T08:02:34.783+0000] {dagbag.py:537} INFO - Filling up the DagBag from /opt/airflow/dags/subdags/subdag_downloads.py
[2024-12-30T08:02:34.790+0000] {processor.py:768} WARNING - No viable dags retrieved from /opt/airflow/dags/subdags/subdag_downloads.py
[2024-12-30T08:02:34.806+0000] {processor.py:176} INFO - Processing /opt/airflow/dags/subdags/subdag_downloads.py took 0.029 seconds
[2024-12-30T08:03:05.241+0000] {processor.py:154} INFO - Started process (PID=1641) to work on /opt/airflow/dags/subdags/subdag_downloads.py
[2024-12-30T08:03:05.242+0000] {processor.py:756} INFO - Processing file /opt/airflow/dags/subdags/subdag_downloads.py for tasks to queue
[2024-12-30T08:03:05.242+0000] {logging_mixin.py:120} INFO - [2024-12-30T08:03:05.242+0000] {dagbag.py:537} INFO - Filling up the DagBag from /opt/airflow/dags/subdags/subdag_downloads.py
[2024-12-30T08:03:05.246+0000] {processor.py:768} WARNING - No viable dags retrieved from /opt/airflow/dags/subdags/subdag_downloads.py
[2024-12-30T08:03:05.254+0000] {processor.py:176} INFO - Processing /opt/airflow/dags/subdags/subdag_downloads.py took 0.014 seconds
[2024-12-30T08:03:35.650+0000] {processor.py:154} INFO - Started process (PID=1675) to work on /opt/airflow/dags/subdags/subdag_downloads.py
[2024-12-30T08:03:35.651+0000] {processor.py:756} INFO - Processing file /opt/airflow/dags/subdags/subdag_downloads.py for tasks to queue
[2024-12-30T08:03:35.653+0000] {logging_mixin.py:120} INFO - [2024-12-30T08:03:35.653+0000] {dagbag.py:537} INFO - Filling up the DagBag from /opt/airflow/dags/subdags/subdag_downloads.py
[2024-12-30T08:03:35.659+0000] {processor.py:768} WARNING - No viable dags retrieved from /opt/airflow/dags/subdags/subdag_downloads.py
[2024-12-30T08:03:35.670+0000] {processor.py:176} INFO - Processing /opt/airflow/dags/subdags/subdag_downloads.py took 0.022 seconds
[2024-12-30T08:04:06.042+0000] {processor.py:154} INFO - Started process (PID=1700) to work on /opt/airflow/dags/subdags/subdag_downloads.py
[2024-12-30T08:04:06.043+0000] {processor.py:756} INFO - Processing file /opt/airflow/dags/subdags/subdag_downloads.py for tasks to queue
[2024-12-30T08:04:06.044+0000] {logging_mixin.py:120} INFO - [2024-12-30T08:04:06.044+0000] {dagbag.py:537} INFO - Filling up the DagBag from /opt/airflow/dags/subdags/subdag_downloads.py
[2024-12-30T08:04:06.052+0000] {processor.py:768} WARNING - No viable dags retrieved from /opt/airflow/dags/subdags/subdag_downloads.py
[2024-12-30T08:04:06.065+0000] {processor.py:176} INFO - Processing /opt/airflow/dags/subdags/subdag_downloads.py took 0.027 seconds
[2024-12-30T08:04:36.516+0000] {processor.py:154} INFO - Started process (PID=1734) to work on /opt/airflow/dags/subdags/subdag_downloads.py
[2024-12-30T08:04:36.517+0000] {processor.py:756} INFO - Processing file /opt/airflow/dags/subdags/subdag_downloads.py for tasks to queue
[2024-12-30T08:04:36.518+0000] {logging_mixin.py:120} INFO - [2024-12-30T08:04:36.518+0000] {dagbag.py:537} INFO - Filling up the DagBag from /opt/airflow/dags/subdags/subdag_downloads.py
[2024-12-30T08:04:36.525+0000] {processor.py:768} WARNING - No viable dags retrieved from /opt/airflow/dags/subdags/subdag_downloads.py
[2024-12-30T08:04:36.537+0000] {processor.py:176} INFO - Processing /opt/airflow/dags/subdags/subdag_downloads.py took 0.024 seconds
[2024-12-30T08:04:52.721+0000] {processor.py:154} INFO - Started process (PID=1756) to work on /opt/airflow/dags/subdags/subdag_downloads.py
[2024-12-30T08:04:52.722+0000] {processor.py:756} INFO - Processing file /opt/airflow/dags/subdags/subdag_downloads.py for tasks to queue
[2024-12-30T08:04:52.723+0000] {logging_mixin.py:120} INFO - [2024-12-30T08:04:52.723+0000] {dagbag.py:537} INFO - Filling up the DagBag from /opt/airflow/dags/subdags/subdag_downloads.py
[2024-12-30T08:04:52.731+0000] {processor.py:768} WARNING - No viable dags retrieved from /opt/airflow/dags/subdags/subdag_downloads.py
[2024-12-30T08:04:52.741+0000] {processor.py:176} INFO - Processing /opt/airflow/dags/subdags/subdag_downloads.py took 0.024 seconds
[2024-12-30T08:05:23.182+0000] {processor.py:154} INFO - Started process (PID=1790) to work on /opt/airflow/dags/subdags/subdag_downloads.py
[2024-12-30T08:05:23.183+0000] {processor.py:756} INFO - Processing file /opt/airflow/dags/subdags/subdag_downloads.py for tasks to queue
[2024-12-30T08:05:23.184+0000] {logging_mixin.py:120} INFO - [2024-12-30T08:05:23.184+0000] {dagbag.py:537} INFO - Filling up the DagBag from /opt/airflow/dags/subdags/subdag_downloads.py
[2024-12-30T08:05:23.191+0000] {processor.py:768} WARNING - No viable dags retrieved from /opt/airflow/dags/subdags/subdag_downloads.py
[2024-12-30T08:05:23.206+0000] {processor.py:176} INFO - Processing /opt/airflow/dags/subdags/subdag_downloads.py took 0.030 seconds
[2024-12-30T08:07:23.100+0000] {processor.py:154} INFO - Started process (PID=1914) to work on /opt/airflow/dags/subdags/subdag_downloads.py
[2024-12-30T08:07:23.101+0000] {processor.py:756} INFO - Processing file /opt/airflow/dags/subdags/subdag_downloads.py for tasks to queue
[2024-12-30T08:07:23.102+0000] {logging_mixin.py:120} INFO - [2024-12-30T08:07:23.101+0000] {dagbag.py:537} INFO - Filling up the DagBag from /opt/airflow/dags/subdags/subdag_downloads.py
[2024-12-30T08:07:23.107+0000] {processor.py:768} WARNING - No viable dags retrieved from /opt/airflow/dags/subdags/subdag_downloads.py
[2024-12-30T08:07:23.118+0000] {processor.py:176} INFO - Processing /opt/airflow/dags/subdags/subdag_downloads.py took 0.021 seconds
[2024-12-30T08:07:53.538+0000] {processor.py:154} INFO - Started process (PID=1951) to work on /opt/airflow/dags/subdags/subdag_downloads.py
[2024-12-30T08:07:53.540+0000] {processor.py:756} INFO - Processing file /opt/airflow/dags/subdags/subdag_downloads.py for tasks to queue
[2024-12-30T08:07:53.541+0000] {logging_mixin.py:120} INFO - [2024-12-30T08:07:53.541+0000] {dagbag.py:537} INFO - Filling up the DagBag from /opt/airflow/dags/subdags/subdag_downloads.py
[2024-12-30T08:07:53.549+0000] {processor.py:768} WARNING - No viable dags retrieved from /opt/airflow/dags/subdags/subdag_downloads.py
[2024-12-30T08:07:53.562+0000] {processor.py:176} INFO - Processing /opt/airflow/dags/subdags/subdag_downloads.py took 0.028 seconds
[2024-12-30T08:08:23.967+0000] {processor.py:154} INFO - Started process (PID=1985) to work on /opt/airflow/dags/subdags/subdag_downloads.py
[2024-12-30T08:08:23.968+0000] {processor.py:756} INFO - Processing file /opt/airflow/dags/subdags/subdag_downloads.py for tasks to queue
[2024-12-30T08:08:23.969+0000] {logging_mixin.py:120} INFO - [2024-12-30T08:08:23.969+0000] {dagbag.py:537} INFO - Filling up the DagBag from /opt/airflow/dags/subdags/subdag_downloads.py
[2024-12-30T08:08:23.971+0000] {processor.py:768} WARNING - No viable dags retrieved from /opt/airflow/dags/subdags/subdag_downloads.py
[2024-12-30T08:08:23.980+0000] {processor.py:176} INFO - Processing /opt/airflow/dags/subdags/subdag_downloads.py took 0.014 seconds
[2024-12-30T08:08:54.373+0000] {processor.py:154} INFO - Started process (PID=2010) to work on /opt/airflow/dags/subdags/subdag_downloads.py
[2024-12-30T08:08:54.374+0000] {processor.py:756} INFO - Processing file /opt/airflow/dags/subdags/subdag_downloads.py for tasks to queue
[2024-12-30T08:08:54.375+0000] {logging_mixin.py:120} INFO - [2024-12-30T08:08:54.375+0000] {dagbag.py:537} INFO - Filling up the DagBag from /opt/airflow/dags/subdags/subdag_downloads.py
[2024-12-30T08:08:54.380+0000] {processor.py:768} WARNING - No viable dags retrieved from /opt/airflow/dags/subdags/subdag_downloads.py
[2024-12-30T08:08:54.391+0000] {processor.py:176} INFO - Processing /opt/airflow/dags/subdags/subdag_downloads.py took 0.022 seconds
[2024-12-30T08:09:24.751+0000] {processor.py:154} INFO - Started process (PID=2044) to work on /opt/airflow/dags/subdags/subdag_downloads.py
[2024-12-30T08:09:24.752+0000] {processor.py:756} INFO - Processing file /opt/airflow/dags/subdags/subdag_downloads.py for tasks to queue
[2024-12-30T08:09:24.753+0000] {logging_mixin.py:120} INFO - [2024-12-30T08:09:24.753+0000] {dagbag.py:537} INFO - Filling up the DagBag from /opt/airflow/dags/subdags/subdag_downloads.py
[2024-12-30T08:09:24.758+0000] {processor.py:768} WARNING - No viable dags retrieved from /opt/airflow/dags/subdags/subdag_downloads.py
[2024-12-30T08:09:24.773+0000] {processor.py:176} INFO - Processing /opt/airflow/dags/subdags/subdag_downloads.py took 0.027 seconds
[2024-12-30T08:09:55.132+0000] {processor.py:154} INFO - Started process (PID=2078) to work on /opt/airflow/dags/subdags/subdag_downloads.py
[2024-12-30T08:09:55.133+0000] {processor.py:756} INFO - Processing file /opt/airflow/dags/subdags/subdag_downloads.py for tasks to queue
[2024-12-30T08:09:55.133+0000] {logging_mixin.py:120} INFO - [2024-12-30T08:09:55.133+0000] {dagbag.py:537} INFO - Filling up the DagBag from /opt/airflow/dags/subdags/subdag_downloads.py
[2024-12-30T08:09:55.139+0000] {processor.py:768} WARNING - No viable dags retrieved from /opt/airflow/dags/subdags/subdag_downloads.py
[2024-12-30T08:09:55.152+0000] {processor.py:176} INFO - Processing /opt/airflow/dags/subdags/subdag_downloads.py took 0.025 seconds
[2024-12-30T08:11:08.188+0000] {processor.py:154} INFO - Started process (PID=2157) to work on /opt/airflow/dags/subdags/subdag_downloads.py
[2024-12-30T08:11:08.188+0000] {processor.py:756} INFO - Processing file /opt/airflow/dags/subdags/subdag_downloads.py for tasks to queue
[2024-12-30T08:11:08.189+0000] {logging_mixin.py:120} INFO - [2024-12-30T08:11:08.189+0000] {dagbag.py:537} INFO - Filling up the DagBag from /opt/airflow/dags/subdags/subdag_downloads.py
[2024-12-30T08:11:08.189+0000] {logging_mixin.py:120} INFO - [2024-12-30T08:11:08.189+0000] {dagbag.py:319} INFO - File /opt/airflow/dags/subdags/subdag_downloads.py assumed to contain no DAGs. Skipping.
[2024-12-30T08:11:08.189+0000] {processor.py:768} WARNING - No viable dags retrieved from /opt/airflow/dags/subdags/subdag_downloads.py
[2024-12-30T08:11:08.198+0000] {processor.py:176} INFO - Processing /opt/airflow/dags/subdags/subdag_downloads.py took 0.012 seconds
[2024-12-30T08:11:14.287+0000] {processor.py:154} INFO - Started process (PID=2167) to work on /opt/airflow/dags/subdags/subdag_downloads.py
[2024-12-30T08:11:14.288+0000] {processor.py:756} INFO - Processing file /opt/airflow/dags/subdags/subdag_downloads.py for tasks to queue
[2024-12-30T08:11:14.288+0000] {logging_mixin.py:120} INFO - [2024-12-30T08:11:14.288+0000] {dagbag.py:537} INFO - Filling up the DagBag from /opt/airflow/dags/subdags/subdag_downloads.py
[2024-12-30T08:11:14.295+0000] {processor.py:768} WARNING - No viable dags retrieved from /opt/airflow/dags/subdags/subdag_downloads.py
[2024-12-30T08:11:14.324+0000] {processor.py:176} INFO - Processing /opt/airflow/dags/subdags/subdag_downloads.py took 0.058 seconds
[2024-12-30T08:11:44.761+0000] {processor.py:154} INFO - Started process (PID=2192) to work on /opt/airflow/dags/subdags/subdag_downloads.py
[2024-12-30T08:11:44.763+0000] {processor.py:756} INFO - Processing file /opt/airflow/dags/subdags/subdag_downloads.py for tasks to queue
[2024-12-30T08:11:44.763+0000] {logging_mixin.py:120} INFO - [2024-12-30T08:11:44.763+0000] {dagbag.py:537} INFO - Filling up the DagBag from /opt/airflow/dags/subdags/subdag_downloads.py
[2024-12-30T08:11:44.769+0000] {processor.py:768} WARNING - No viable dags retrieved from /opt/airflow/dags/subdags/subdag_downloads.py
[2024-12-30T08:11:44.785+0000] {processor.py:176} INFO - Processing /opt/airflow/dags/subdags/subdag_downloads.py took 0.029 seconds
[2024-12-30T08:11:58.899+0000] {processor.py:154} INFO - Started process (PID=38) to work on /opt/airflow/dags/subdags/subdag_downloads.py
[2024-12-30T08:11:58.903+0000] {processor.py:756} INFO - Processing file /opt/airflow/dags/subdags/subdag_downloads.py for tasks to queue
[2024-12-30T08:11:58.905+0000] {logging_mixin.py:120} INFO - [2024-12-30T08:11:58.905+0000] {dagbag.py:537} INFO - Filling up the DagBag from /opt/airflow/dags/subdags/subdag_downloads.py
[2024-12-30T08:11:58.915+0000] {processor.py:768} WARNING - No viable dags retrieved from /opt/airflow/dags/subdags/subdag_downloads.py
[2024-12-30T08:11:58.941+0000] {processor.py:176} INFO - Processing /opt/airflow/dags/subdags/subdag_downloads.py took 0.049 seconds
[2024-12-30T08:12:29.569+0000] {processor.py:154} INFO - Started process (PID=72) to work on /opt/airflow/dags/subdags/subdag_downloads.py
[2024-12-30T08:12:29.571+0000] {processor.py:756} INFO - Processing file /opt/airflow/dags/subdags/subdag_downloads.py for tasks to queue
[2024-12-30T08:12:29.571+0000] {logging_mixin.py:120} INFO - [2024-12-30T08:12:29.571+0000] {dagbag.py:537} INFO - Filling up the DagBag from /opt/airflow/dags/subdags/subdag_downloads.py
[2024-12-30T08:12:29.583+0000] {processor.py:768} WARNING - No viable dags retrieved from /opt/airflow/dags/subdags/subdag_downloads.py
[2024-12-30T08:12:29.597+0000] {processor.py:176} INFO - Processing /opt/airflow/dags/subdags/subdag_downloads.py took 0.031 seconds
[2024-12-30T08:13:15.992+0000] {processor.py:154} INFO - Started process (PID=39) to work on /opt/airflow/dags/subdags/subdag_downloads.py
[2024-12-30T08:13:15.994+0000] {processor.py:756} INFO - Processing file /opt/airflow/dags/subdags/subdag_downloads.py for tasks to queue
[2024-12-30T08:13:15.997+0000] {logging_mixin.py:120} INFO - [2024-12-30T08:13:15.996+0000] {dagbag.py:537} INFO - Filling up the DagBag from /opt/airflow/dags/subdags/subdag_downloads.py
[2024-12-30T08:13:16.017+0000] {processor.py:768} WARNING - No viable dags retrieved from /opt/airflow/dags/subdags/subdag_downloads.py
[2024-12-30T08:13:16.029+0000] {processor.py:176} INFO - Processing /opt/airflow/dags/subdags/subdag_downloads.py took 0.039 seconds
[2024-12-30T08:13:46.513+0000] {processor.py:154} INFO - Started process (PID=73) to work on /opt/airflow/dags/subdags/subdag_downloads.py
[2024-12-30T08:13:46.514+0000] {processor.py:756} INFO - Processing file /opt/airflow/dags/subdags/subdag_downloads.py for tasks to queue
[2024-12-30T08:13:46.515+0000] {logging_mixin.py:120} INFO - [2024-12-30T08:13:46.515+0000] {dagbag.py:537} INFO - Filling up the DagBag from /opt/airflow/dags/subdags/subdag_downloads.py
[2024-12-30T08:13:46.524+0000] {processor.py:768} WARNING - No viable dags retrieved from /opt/airflow/dags/subdags/subdag_downloads.py
[2024-12-30T08:13:46.543+0000] {processor.py:176} INFO - Processing /opt/airflow/dags/subdags/subdag_downloads.py took 0.036 seconds
[2024-12-30T08:14:08.522+0000] {processor.py:154} INFO - Started process (PID=99) to work on /opt/airflow/dags/subdags/subdag_downloads.py
[2024-12-30T08:14:08.523+0000] {processor.py:756} INFO - Processing file /opt/airflow/dags/subdags/subdag_downloads.py for tasks to queue
[2024-12-30T08:14:08.524+0000] {logging_mixin.py:120} INFO - [2024-12-30T08:14:08.524+0000] {dagbag.py:537} INFO - Filling up the DagBag from /opt/airflow/dags/subdags/subdag_downloads.py
[2024-12-30T08:14:08.533+0000] {processor.py:768} WARNING - No viable dags retrieved from /opt/airflow/dags/subdags/subdag_downloads.py
[2024-12-30T08:14:08.559+0000] {processor.py:176} INFO - Processing /opt/airflow/dags/subdags/subdag_downloads.py took 0.044 seconds
[2024-12-30T08:14:39.063+0000] {processor.py:154} INFO - Started process (PID=133) to work on /opt/airflow/dags/subdags/subdag_downloads.py
[2024-12-30T08:14:39.066+0000] {processor.py:756} INFO - Processing file /opt/airflow/dags/subdags/subdag_downloads.py for tasks to queue
[2024-12-30T08:14:39.069+0000] {logging_mixin.py:120} INFO - [2024-12-30T08:14:39.068+0000] {dagbag.py:537} INFO - Filling up the DagBag from /opt/airflow/dags/subdags/subdag_downloads.py
[2024-12-30T08:14:39.088+0000] {processor.py:768} WARNING - No viable dags retrieved from /opt/airflow/dags/subdags/subdag_downloads.py
[2024-12-30T08:14:39.107+0000] {processor.py:176} INFO - Processing /opt/airflow/dags/subdags/subdag_downloads.py took 0.061 seconds
[2024-12-30T08:15:09.564+0000] {processor.py:154} INFO - Started process (PID=167) to work on /opt/airflow/dags/subdags/subdag_downloads.py
[2024-12-30T08:15:09.565+0000] {processor.py:756} INFO - Processing file /opt/airflow/dags/subdags/subdag_downloads.py for tasks to queue
[2024-12-30T08:15:09.566+0000] {logging_mixin.py:120} INFO - [2024-12-30T08:15:09.566+0000] {dagbag.py:537} INFO - Filling up the DagBag from /opt/airflow/dags/subdags/subdag_downloads.py
[2024-12-30T08:15:09.572+0000] {processor.py:768} WARNING - No viable dags retrieved from /opt/airflow/dags/subdags/subdag_downloads.py
[2024-12-30T08:15:09.585+0000] {processor.py:176} INFO - Processing /opt/airflow/dags/subdags/subdag_downloads.py took 0.025 seconds
[2024-12-30T08:15:40.069+0000] {processor.py:154} INFO - Started process (PID=201) to work on /opt/airflow/dags/subdags/subdag_downloads.py
[2024-12-30T08:15:40.069+0000] {processor.py:756} INFO - Processing file /opt/airflow/dags/subdags/subdag_downloads.py for tasks to queue
[2024-12-30T08:15:40.070+0000] {logging_mixin.py:120} INFO - [2024-12-30T08:15:40.070+0000] {dagbag.py:537} INFO - Filling up the DagBag from /opt/airflow/dags/subdags/subdag_downloads.py
[2024-12-30T08:15:40.073+0000] {processor.py:768} WARNING - No viable dags retrieved from /opt/airflow/dags/subdags/subdag_downloads.py
[2024-12-30T08:15:40.080+0000] {processor.py:176} INFO - Processing /opt/airflow/dags/subdags/subdag_downloads.py took 0.013 seconds
[2024-12-30T08:16:10.583+0000] {processor.py:154} INFO - Started process (PID=226) to work on /opt/airflow/dags/subdags/subdag_downloads.py
[2024-12-30T08:16:10.584+0000] {processor.py:756} INFO - Processing file /opt/airflow/dags/subdags/subdag_downloads.py for tasks to queue
[2024-12-30T08:16:10.584+0000] {logging_mixin.py:120} INFO - [2024-12-30T08:16:10.584+0000] {dagbag.py:537} INFO - Filling up the DagBag from /opt/airflow/dags/subdags/subdag_downloads.py
[2024-12-30T08:16:10.588+0000] {processor.py:768} WARNING - No viable dags retrieved from /opt/airflow/dags/subdags/subdag_downloads.py
[2024-12-30T08:16:10.600+0000] {processor.py:176} INFO - Processing /opt/airflow/dags/subdags/subdag_downloads.py took 0.020 seconds
[2024-12-30T08:16:41.119+0000] {processor.py:154} INFO - Started process (PID=260) to work on /opt/airflow/dags/subdags/subdag_downloads.py
[2024-12-30T08:16:41.121+0000] {processor.py:756} INFO - Processing file /opt/airflow/dags/subdags/subdag_downloads.py for tasks to queue
[2024-12-30T08:16:41.122+0000] {logging_mixin.py:120} INFO - [2024-12-30T08:16:41.121+0000] {dagbag.py:537} INFO - Filling up the DagBag from /opt/airflow/dags/subdags/subdag_downloads.py
[2024-12-30T08:16:41.132+0000] {processor.py:768} WARNING - No viable dags retrieved from /opt/airflow/dags/subdags/subdag_downloads.py
[2024-12-30T08:16:41.153+0000] {processor.py:176} INFO - Processing /opt/airflow/dags/subdags/subdag_downloads.py took 0.039 seconds
[2024-12-30T08:17:11.620+0000] {processor.py:154} INFO - Started process (PID=294) to work on /opt/airflow/dags/subdags/subdag_downloads.py
[2024-12-30T08:17:11.621+0000] {processor.py:756} INFO - Processing file /opt/airflow/dags/subdags/subdag_downloads.py for tasks to queue
[2024-12-30T08:17:11.622+0000] {logging_mixin.py:120} INFO - [2024-12-30T08:17:11.622+0000] {dagbag.py:537} INFO - Filling up the DagBag from /opt/airflow/dags/subdags/subdag_downloads.py
[2024-12-30T08:17:11.629+0000] {processor.py:768} WARNING - No viable dags retrieved from /opt/airflow/dags/subdags/subdag_downloads.py
[2024-12-30T08:17:11.647+0000] {processor.py:176} INFO - Processing /opt/airflow/dags/subdags/subdag_downloads.py took 0.030 seconds
[2024-12-30T08:17:42.123+0000] {processor.py:154} INFO - Started process (PID=328) to work on /opt/airflow/dags/subdags/subdag_downloads.py
[2024-12-30T08:17:42.124+0000] {processor.py:756} INFO - Processing file /opt/airflow/dags/subdags/subdag_downloads.py for tasks to queue
[2024-12-30T08:17:42.125+0000] {logging_mixin.py:120} INFO - [2024-12-30T08:17:42.125+0000] {dagbag.py:537} INFO - Filling up the DagBag from /opt/airflow/dags/subdags/subdag_downloads.py
[2024-12-30T08:17:42.131+0000] {processor.py:768} WARNING - No viable dags retrieved from /opt/airflow/dags/subdags/subdag_downloads.py
[2024-12-30T08:17:42.142+0000] {processor.py:176} INFO - Processing /opt/airflow/dags/subdags/subdag_downloads.py took 0.021 seconds
[2024-12-30T08:18:12.643+0000] {processor.py:154} INFO - Started process (PID=362) to work on /opt/airflow/dags/subdags/subdag_downloads.py
[2024-12-30T08:18:12.644+0000] {processor.py:756} INFO - Processing file /opt/airflow/dags/subdags/subdag_downloads.py for tasks to queue
[2024-12-30T08:18:12.645+0000] {logging_mixin.py:120} INFO - [2024-12-30T08:18:12.645+0000] {dagbag.py:537} INFO - Filling up the DagBag from /opt/airflow/dags/subdags/subdag_downloads.py
[2024-12-30T08:18:12.656+0000] {processor.py:768} WARNING - No viable dags retrieved from /opt/airflow/dags/subdags/subdag_downloads.py
[2024-12-30T08:18:12.675+0000] {processor.py:176} INFO - Processing /opt/airflow/dags/subdags/subdag_downloads.py took 0.043 seconds
[2024-12-30T08:18:43.145+0000] {processor.py:154} INFO - Started process (PID=396) to work on /opt/airflow/dags/subdags/subdag_downloads.py
[2024-12-30T08:18:43.146+0000] {processor.py:756} INFO - Processing file /opt/airflow/dags/subdags/subdag_downloads.py for tasks to queue
[2024-12-30T08:18:43.146+0000] {logging_mixin.py:120} INFO - [2024-12-30T08:18:43.146+0000] {dagbag.py:537} INFO - Filling up the DagBag from /opt/airflow/dags/subdags/subdag_downloads.py
[2024-12-30T08:18:43.151+0000] {processor.py:768} WARNING - No viable dags retrieved from /opt/airflow/dags/subdags/subdag_downloads.py
[2024-12-30T08:18:43.166+0000] {processor.py:176} INFO - Processing /opt/airflow/dags/subdags/subdag_downloads.py took 0.023 seconds
[2024-12-30T08:19:13.652+0000] {processor.py:154} INFO - Started process (PID=430) to work on /opt/airflow/dags/subdags/subdag_downloads.py
[2024-12-30T08:19:13.654+0000] {processor.py:756} INFO - Processing file /opt/airflow/dags/subdags/subdag_downloads.py for tasks to queue
[2024-12-30T08:19:13.655+0000] {logging_mixin.py:120} INFO - [2024-12-30T08:19:13.655+0000] {dagbag.py:537} INFO - Filling up the DagBag from /opt/airflow/dags/subdags/subdag_downloads.py
[2024-12-30T08:19:13.664+0000] {processor.py:768} WARNING - No viable dags retrieved from /opt/airflow/dags/subdags/subdag_downloads.py
[2024-12-30T08:19:13.683+0000] {processor.py:176} INFO - Processing /opt/airflow/dags/subdags/subdag_downloads.py took 0.051 seconds
[2024-12-30T08:19:44.590+0000] {processor.py:154} INFO - Started process (PID=456) to work on /opt/airflow/dags/subdags/subdag_downloads.py
[2024-12-30T08:19:44.592+0000] {processor.py:756} INFO - Processing file /opt/airflow/dags/subdags/subdag_downloads.py for tasks to queue
[2024-12-30T08:19:44.592+0000] {logging_mixin.py:120} INFO - [2024-12-30T08:19:44.592+0000] {dagbag.py:537} INFO - Filling up the DagBag from /opt/airflow/dags/subdags/subdag_downloads.py
[2024-12-30T08:19:44.597+0000] {processor.py:768} WARNING - No viable dags retrieved from /opt/airflow/dags/subdags/subdag_downloads.py
[2024-12-30T08:19:44.614+0000] {processor.py:176} INFO - Processing /opt/airflow/dags/subdags/subdag_downloads.py took 0.029 seconds
[2024-12-30T08:20:15.038+0000] {processor.py:154} INFO - Started process (PID=490) to work on /opt/airflow/dags/subdags/subdag_downloads.py
[2024-12-30T08:20:15.039+0000] {processor.py:756} INFO - Processing file /opt/airflow/dags/subdags/subdag_downloads.py for tasks to queue
[2024-12-30T08:20:15.040+0000] {logging_mixin.py:120} INFO - [2024-12-30T08:20:15.040+0000] {dagbag.py:537} INFO - Filling up the DagBag from /opt/airflow/dags/subdags/subdag_downloads.py
[2024-12-30T08:20:15.044+0000] {processor.py:768} WARNING - No viable dags retrieved from /opt/airflow/dags/subdags/subdag_downloads.py
[2024-12-30T08:20:15.056+0000] {processor.py:176} INFO - Processing /opt/airflow/dags/subdags/subdag_downloads.py took 0.022 seconds
[2024-12-30T08:20:45.494+0000] {processor.py:154} INFO - Started process (PID=524) to work on /opt/airflow/dags/subdags/subdag_downloads.py
[2024-12-30T08:20:45.496+0000] {processor.py:756} INFO - Processing file /opt/airflow/dags/subdags/subdag_downloads.py for tasks to queue
[2024-12-30T08:20:45.497+0000] {logging_mixin.py:120} INFO - [2024-12-30T08:20:45.497+0000] {dagbag.py:537} INFO - Filling up the DagBag from /opt/airflow/dags/subdags/subdag_downloads.py
[2024-12-30T08:20:45.507+0000] {processor.py:768} WARNING - No viable dags retrieved from /opt/airflow/dags/subdags/subdag_downloads.py
[2024-12-30T08:20:45.530+0000] {processor.py:176} INFO - Processing /opt/airflow/dags/subdags/subdag_downloads.py took 0.046 seconds
[2024-12-30T08:21:15.946+0000] {processor.py:154} INFO - Started process (PID=558) to work on /opt/airflow/dags/subdags/subdag_downloads.py
[2024-12-30T08:21:15.948+0000] {processor.py:756} INFO - Processing file /opt/airflow/dags/subdags/subdag_downloads.py for tasks to queue
[2024-12-30T08:21:15.949+0000] {logging_mixin.py:120} INFO - [2024-12-30T08:21:15.949+0000] {dagbag.py:537} INFO - Filling up the DagBag from /opt/airflow/dags/subdags/subdag_downloads.py
[2024-12-30T08:21:15.961+0000] {processor.py:768} WARNING - No viable dags retrieved from /opt/airflow/dags/subdags/subdag_downloads.py
[2024-12-30T08:21:15.981+0000] {processor.py:176} INFO - Processing /opt/airflow/dags/subdags/subdag_downloads.py took 0.044 seconds
[2024-12-30T08:21:46.365+0000] {processor.py:154} INFO - Started process (PID=592) to work on /opt/airflow/dags/subdags/subdag_downloads.py
[2024-12-30T08:21:46.366+0000] {processor.py:756} INFO - Processing file /opt/airflow/dags/subdags/subdag_downloads.py for tasks to queue
[2024-12-30T08:21:46.367+0000] {logging_mixin.py:120} INFO - [2024-12-30T08:21:46.367+0000] {dagbag.py:537} INFO - Filling up the DagBag from /opt/airflow/dags/subdags/subdag_downloads.py
[2024-12-30T08:21:46.374+0000] {processor.py:768} WARNING - No viable dags retrieved from /opt/airflow/dags/subdags/subdag_downloads.py
[2024-12-30T08:21:46.389+0000] {processor.py:176} INFO - Processing /opt/airflow/dags/subdags/subdag_downloads.py took 0.028 seconds
[2024-12-30T08:22:17.216+0000] {processor.py:154} INFO - Started process (PID=627) to work on /opt/airflow/dags/subdags/subdag_downloads.py
[2024-12-30T08:22:17.217+0000] {processor.py:756} INFO - Processing file /opt/airflow/dags/subdags/subdag_downloads.py for tasks to queue
[2024-12-30T08:22:17.218+0000] {logging_mixin.py:120} INFO - [2024-12-30T08:22:17.218+0000] {dagbag.py:537} INFO - Filling up the DagBag from /opt/airflow/dags/subdags/subdag_downloads.py
[2024-12-30T08:22:17.226+0000] {processor.py:768} WARNING - No viable dags retrieved from /opt/airflow/dags/subdags/subdag_downloads.py
[2024-12-30T08:22:17.246+0000] {processor.py:176} INFO - Processing /opt/airflow/dags/subdags/subdag_downloads.py took 0.037 seconds
[2024-12-30T08:22:47.681+0000] {processor.py:154} INFO - Started process (PID=661) to work on /opt/airflow/dags/subdags/subdag_downloads.py
[2024-12-30T08:22:47.682+0000] {processor.py:756} INFO - Processing file /opt/airflow/dags/subdags/subdag_downloads.py for tasks to queue
[2024-12-30T08:22:47.683+0000] {logging_mixin.py:120} INFO - [2024-12-30T08:22:47.683+0000] {dagbag.py:537} INFO - Filling up the DagBag from /opt/airflow/dags/subdags/subdag_downloads.py
[2024-12-30T08:22:47.691+0000] {processor.py:768} WARNING - No viable dags retrieved from /opt/airflow/dags/subdags/subdag_downloads.py
[2024-12-30T08:22:47.707+0000] {processor.py:176} INFO - Processing /opt/airflow/dags/subdags/subdag_downloads.py took 0.032 seconds
