[2024-12-30T06:17:08.763+0000] {taskinstance.py:1165} INFO - Dependencies all met for <TaskInstance: consumer.read_daataset dataset_triggered__2024-12-30T06:17:07.802007+00:00 [queued]>
[2024-12-30T06:17:08.768+0000] {taskinstance.py:1165} INFO - Dependencies all met for <TaskInstance: consumer.read_daataset dataset_triggered__2024-12-30T06:17:07.802007+00:00 [queued]>
[2024-12-30T06:17:08.768+0000] {taskinstance.py:1362} INFO - 
--------------------------------------------------------------------------------
[2024-12-30T06:17:08.768+0000] {taskinstance.py:1363} INFO - Starting attempt 1 of 1
[2024-12-30T06:17:08.768+0000] {taskinstance.py:1364} INFO - 
--------------------------------------------------------------------------------
[2024-12-30T06:17:08.775+0000] {taskinstance.py:1383} INFO - Executing <Task(_PythonDecoratedOperator): read_daataset> on 2024-12-30 06:17:07.802007+00:00
[2024-12-30T06:17:08.777+0000] {standard_task_runner.py:55} INFO - Started process 4041 to run task
[2024-12-30T06:17:08.779+0000] {standard_task_runner.py:82} INFO - Running: ['***', 'tasks', 'run', 'consumer', 'read_daataset', 'dataset_triggered__2024-12-30T06:17:07.802007+00:00', '--job-id', '13', '--raw', '--subdir', 'DAGS_FOLDER/consumer.py', '--cfg-path', '/tmp/tmpe7n23dzr']
[2024-12-30T06:17:08.780+0000] {standard_task_runner.py:83} INFO - Job 13: Subtask read_daataset
[2024-12-30T06:17:08.807+0000] {task_command.py:376} INFO - Running <TaskInstance: consumer.read_daataset dataset_triggered__2024-12-30T06:17:07.802007+00:00 [running]> on host 8de73b8ac67f
[2024-12-30T06:17:08.841+0000] {taskinstance.py:1592} INFO - Exporting the following env vars:
AIRFLOW_CTX_DAG_OWNER=***
AIRFLOW_CTX_DAG_ID=consumer
AIRFLOW_CTX_TASK_ID=read_daataset
AIRFLOW_CTX_EXECUTION_DATE=2024-12-30T06:17:07.802007+00:00
AIRFLOW_CTX_TRY_NUMBER=1
AIRFLOW_CTX_DAG_RUN_ID=dataset_triggered__2024-12-30T06:17:07.802007+00:00
[2024-12-30T06:17:08.842+0000] {logging_mixin.py:120} INFO - producer update
[2024-12-30T06:17:08.842+0000] {python.py:177} INFO - Done. Returned value was: None
[2024-12-30T06:17:08.847+0000] {taskinstance.py:1406} INFO - Marking task as SUCCESS. dag_id=consumer, task_id=read_daataset, execution_date=20241230T061707, start_date=20241230T061708, end_date=20241230T061708
[2024-12-30T06:17:08.878+0000] {local_task_job.py:164} INFO - Task exited with return code 0
[2024-12-30T06:17:08.887+0000] {local_task_job.py:273} INFO - 0 downstream tasks scheduled from follow-on schedule check
