[2024-12-27T01:51:36.684+0000] {taskinstance.py:1165} INFO - Dependencies all met for <TaskInstance: user_processing.process_user manual__2024-12-27T01:51:26.349470+00:00 [queued]>
[2024-12-27T01:51:36.688+0000] {taskinstance.py:1165} INFO - Dependencies all met for <TaskInstance: user_processing.process_user manual__2024-12-27T01:51:26.349470+00:00 [queued]>
[2024-12-27T01:51:36.688+0000] {taskinstance.py:1362} INFO - 
--------------------------------------------------------------------------------
[2024-12-27T01:51:36.688+0000] {taskinstance.py:1363} INFO - Starting attempt 1 of 1
[2024-12-27T01:51:36.688+0000] {taskinstance.py:1364} INFO - 
--------------------------------------------------------------------------------
[2024-12-27T01:51:36.694+0000] {taskinstance.py:1383} INFO - Executing <Task(PythonOperator): process_user> on 2024-12-27 01:51:26.349470+00:00
[2024-12-27T01:51:36.696+0000] {standard_task_runner.py:55} INFO - Started process 7652 to run task
[2024-12-27T01:51:36.698+0000] {standard_task_runner.py:82} INFO - Running: ['***', 'tasks', 'run', 'user_processing', 'process_user', 'manual__2024-12-27T01:51:26.349470+00:00', '--job-id', '21', '--raw', '--subdir', 'DAGS_FOLDER/user_processing.py', '--cfg-path', '/tmp/tmpmmis7589']
[2024-12-27T01:51:36.699+0000] {standard_task_runner.py:83} INFO - Job 21: Subtask process_user
[2024-12-27T01:51:36.725+0000] {task_command.py:376} INFO - Running <TaskInstance: user_processing.process_user manual__2024-12-27T01:51:26.349470+00:00 [running]> on host f750dc751645
[2024-12-27T01:51:36.751+0000] {taskinstance.py:1592} INFO - Exporting the following env vars:
AIRFLOW_CTX_DAG_OWNER=***
AIRFLOW_CTX_DAG_ID=user_processing
AIRFLOW_CTX_TASK_ID=process_user
AIRFLOW_CTX_EXECUTION_DATE=2024-12-27T01:51:26.349470+00:00
AIRFLOW_CTX_TRY_NUMBER=1
AIRFLOW_CTX_DAG_RUN_ID=manual__2024-12-27T01:51:26.349470+00:00
[2024-12-27T01:51:36.761+0000] {python.py:177} INFO - Done. Returned value was: None
[2024-12-27T01:51:36.765+0000] {taskinstance.py:1406} INFO - Marking task as SUCCESS. dag_id=user_processing, task_id=process_user, execution_date=20241227T015126, start_date=20241227T015136, end_date=20241227T015136
[2024-12-27T01:51:36.795+0000] {local_task_job.py:164} INFO - Task exited with return code 0
[2024-12-27T01:51:36.807+0000] {local_task_job.py:273} INFO - 1 downstream tasks scheduled from follow-on schedule check
