[2024-12-30T07:40:15.486+0000] {taskinstance.py:1165} INFO - Dependencies all met for <TaskInstance: parallel_dag.transform manual__2024-12-30T07:39:52.680605+00:00 [queued]>
[2024-12-30T07:40:15.490+0000] {taskinstance.py:1165} INFO - Dependencies all met for <TaskInstance: parallel_dag.transform manual__2024-12-30T07:39:52.680605+00:00 [queued]>
[2024-12-30T07:40:15.490+0000] {taskinstance.py:1362} INFO - 
--------------------------------------------------------------------------------
[2024-12-30T07:40:15.490+0000] {taskinstance.py:1363} INFO - Starting attempt 1 of 1
[2024-12-30T07:40:15.491+0000] {taskinstance.py:1364} INFO - 
--------------------------------------------------------------------------------
[2024-12-30T07:40:15.496+0000] {taskinstance.py:1383} INFO - Executing <Task(BashOperator): transform> on 2024-12-30 07:39:52.680605+00:00
[2024-12-30T07:40:15.499+0000] {standard_task_runner.py:55} INFO - Started process 172 to run task
[2024-12-30T07:40:15.501+0000] {standard_task_runner.py:82} INFO - Running: ['***', 'tasks', 'run', 'parallel_dag', 'transform', 'manual__2024-12-30T07:39:52.680605+00:00', '--job-id', '33', '--raw', '--subdir', 'DAGS_FOLDER/parallel_dag.py', '--cfg-path', '/tmp/tmp94p7blwf']
[2024-12-30T07:40:15.502+0000] {standard_task_runner.py:83} INFO - Job 33: Subtask transform
[2024-12-30T07:40:15.530+0000] {task_command.py:376} INFO - Running <TaskInstance: parallel_dag.transform manual__2024-12-30T07:39:52.680605+00:00 [running]> on host 515d78e1e73d
[2024-12-30T07:40:15.559+0000] {taskinstance.py:1592} INFO - Exporting the following env vars:
AIRFLOW_CTX_DAG_OWNER=***
AIRFLOW_CTX_DAG_ID=parallel_dag
AIRFLOW_CTX_TASK_ID=transform
AIRFLOW_CTX_EXECUTION_DATE=2024-12-30T07:39:52.680605+00:00
AIRFLOW_CTX_TRY_NUMBER=1
AIRFLOW_CTX_DAG_RUN_ID=manual__2024-12-30T07:39:52.680605+00:00
[2024-12-30T07:40:15.559+0000] {subprocess.py:63} INFO - Tmp dir root location: 
 /tmp
[2024-12-30T07:40:15.560+0000] {subprocess.py:75} INFO - Running command: ['/bin/bash', '-c', 'sleep 30']
[2024-12-30T07:40:15.565+0000] {subprocess.py:86} INFO - Output:
[2024-12-30T07:40:45.570+0000] {subprocess.py:97} INFO - Command exited with return code 0
[2024-12-30T07:40:45.605+0000] {taskinstance.py:1406} INFO - Marking task as SUCCESS. dag_id=parallel_dag, task_id=transform, execution_date=20241230T073952, start_date=20241230T074015, end_date=20241230T074045
[2024-12-30T07:40:45.628+0000] {local_task_job.py:164} INFO - Task exited with return code 0
[2024-12-30T07:40:45.641+0000] {local_task_job.py:273} INFO - 0 downstream tasks scheduled from follow-on schedule check
