[2024-12-30T09:10:55.267+0000] {taskinstance.py:1165} INFO - Dependencies all met for <TaskInstance: xcom_dag.t2 manual__2024-12-30T09:10:52.297339+00:00 [queued]>
[2024-12-30T09:10:55.272+0000] {taskinstance.py:1165} INFO - Dependencies all met for <TaskInstance: xcom_dag.t2 manual__2024-12-30T09:10:52.297339+00:00 [queued]>
[2024-12-30T09:10:55.272+0000] {taskinstance.py:1362} INFO - 
--------------------------------------------------------------------------------
[2024-12-30T09:10:55.273+0000] {taskinstance.py:1363} INFO - Starting attempt 1 of 1
[2024-12-30T09:10:55.273+0000] {taskinstance.py:1364} INFO - 
--------------------------------------------------------------------------------
[2024-12-30T09:10:55.278+0000] {taskinstance.py:1383} INFO - Executing <Task(PythonOperator): t2> on 2024-12-30 09:10:52.297339+00:00
[2024-12-30T09:10:55.281+0000] {standard_task_runner.py:55} INFO - Started process 1929 to run task
[2024-12-30T09:10:55.283+0000] {standard_task_runner.py:82} INFO - Running: ['***', 'tasks', 'run', 'xcom_dag', 't2', 'manual__2024-12-30T09:10:52.297339+00:00', '--job-id', '55', '--raw', '--subdir', 'DAGS_FOLDER/xcom_dag.py', '--cfg-path', '/tmp/tmpl7il2l6t']
[2024-12-30T09:10:55.283+0000] {standard_task_runner.py:83} INFO - Job 55: Subtask t2
[2024-12-30T09:10:55.312+0000] {task_command.py:376} INFO - Running <TaskInstance: xcom_dag.t2 manual__2024-12-30T09:10:52.297339+00:00 [running]> on host 183ed7d37d5f
[2024-12-30T09:10:55.341+0000] {taskinstance.py:1592} INFO - Exporting the following env vars:
AIRFLOW_CTX_DAG_OWNER=***
AIRFLOW_CTX_DAG_ID=xcom_dag
AIRFLOW_CTX_TASK_ID=t2
AIRFLOW_CTX_EXECUTION_DATE=2024-12-30T09:10:52.297339+00:00
AIRFLOW_CTX_TRY_NUMBER=1
AIRFLOW_CTX_DAG_RUN_ID=manual__2024-12-30T09:10:52.297339+00:00
[2024-12-30T09:10:55.345+0000] {logging_mixin.py:120} INFO - 42
[2024-12-30T09:10:55.345+0000] {python.py:177} INFO - Done. Returned value was: None
[2024-12-30T09:10:55.348+0000] {taskinstance.py:1406} INFO - Marking task as SUCCESS. dag_id=xcom_dag, task_id=t2, execution_date=20241230T091052, start_date=20241230T091055, end_date=20241230T091055
[2024-12-30T09:10:55.380+0000] {local_task_job.py:164} INFO - Task exited with return code 0
[2024-12-30T09:10:55.391+0000] {local_task_job.py:273} INFO - 1 downstream tasks scheduled from follow-on schedule check
